# JRE version: Java(TM) SE Runtime Environment (8.0_231-b11) (build 1.8.0_231-b11)
# Java VM: Java HotSpot(TM) 64-Bit Server VM (25.231-b11 mixed mode windows-amd64 compressed oops)
Heap:
 PSYoungGen      total 238080K, used 75927K [0x00000000d5580000, 0x00000000e6780000, 0x0000000100000000)
  eden space 224768K, 27% used [0x00000000d5580000,0x00000000d92a99f0,0x00000000e3100000)
  from space 13312K, 99% used [0x00000000e5a80000,0x00000000e677c3b0,0x00000000e6780000)
  to   space 16384K, 0% used [0x00000000e4780000,0x00000000e4780000,0x00000000e5780000)
 ParOldGen       total 78336K, used 30405K [0x0000000080000000, 0x0000000084c80000, 0x00000000d5580000)
  object space 78336K, 38% used [0x0000000080000000,0x0000000081db14a8,0x0000000084c80000)
 Metaspace       used 55847K, capacity 57744K, committed 57984K, reserved 1099776K
  class space    used 7505K, capacity 7973K, committed 8064K, reserved 1048576K
GC Heap History (10 events):
Event: 5.065 GC heap before
{Heap before GC invocations=6 (full 1):
 PSYoungGen      total 132096K, used 5108K [0x00000000d5580000, 0x00000000e6780000, 0x0000000100000000)
  eden space 126976K, 0% used [0x00000000d5580000,0x00000000d5580000,0x00000000dd180000)
  from space 5120K, 99% used [0x00000000dd180000,0x00000000dd67d040,0x00000000dd680000)
  to   space 13312K, 0% used [0x00000000e5a80000,0x00000000e5a80000,0x00000000e6780000)
 ParOldGen       total 84992K, used 11380K [0x0000000080000000, 0x0000000085300000, 0x00000000d5580000)
  object space 84992K, 13% used [0x0000000080000000,0x0000000080b1d200,0x0000000085300000)
 Metaspace       used 20578K, capacity 21248K, committed 21296K, reserved 1067008K
  class space    used 2970K, capacity 3190K, committed 3200K, reserved 1048576K
Event: 5.119 GC heap after
Heap after GC invocations=6 (full 1):
 PSYoungGen      total 132096K, used 0K [0x00000000d5580000, 0x00000000e6780000, 0x0000000100000000)
  eden space 126976K, 0% used [0x00000000d5580000,0x00000000d5580000,0x00000000dd180000)
  from space 5120K, 0% used [0x00000000dd180000,0x00000000dd180000,0x00000000dd680000)
  to   space 13312K, 0% used [0x00000000e5a80000,0x00000000e5a80000,0x00000000e6780000)
 ParOldGen       total 53760K, used 7719K [0x0000000080000000, 0x0000000083480000, 0x00000000d5580000)
  object space 53760K, 14% used [0x0000000080000000,0x0000000080789ee0,0x0000000083480000)
 Metaspace       used 20578K, capacity 21248K, committed 21296K, reserved 1067008K
  class space    used 2970K, capacity 3190K, committed 3200K, reserved 1048576K
}
Event: 7.899 GC heap before
{Heap before GC invocations=7 (full 1):
 PSYoungGen      total 132096K, used 126976K [0x00000000d5580000, 0x00000000e6780000, 0x0000000100000000)
  eden space 126976K, 100% used [0x00000000d5580000,0x00000000dd180000,0x00000000dd180000)
  from space 5120K, 0% used [0x00000000dd180000,0x00000000dd180000,0x00000000dd680000)
  to   space 13312K, 0% used [0x00000000e5a80000,0x00000000e5a80000,0x00000000e6780000)
 ParOldGen       total 53760K, used 7719K [0x0000000080000000, 0x0000000083480000, 0x00000000d5580000)
  object space 53760K, 14% used [0x0000000080000000,0x0000000080789ee0,0x0000000083480000)
 Metaspace       used 32313K, capacity 33240K, committed 33408K, reserved 1077248K
  class space    used 4484K, capacity 4725K, committed 4736K, reserved 1048576K
Event: 7.930 GC heap after
Heap after GC invocations=7 (full 1):
 PSYoungGen      total 238080K, used 13287K [0x00000000d5580000, 0x00000000e6780000, 0x0000000100000000)
  eden space 224768K, 0% used [0x00000000d5580000,0x00000000d5580000,0x00000000e3100000)
  from space 13312K, 99% used [0x00000000e5a80000,0x00000000e6779d38,0x00000000e6780000)
  to   space 16384K, 0% used [0x00000000e4780000,0x00000000e4780000,0x00000000e5780000)
 ParOldGen       total 53760K, used 8148K [0x0000000080000000, 0x0000000083480000, 0x00000000d5580000)
  object space 53760K, 15% used [0x0000000080000000,0x00000000807f5090,0x0000000083480000)
 Metaspace       used 32313K, capacity 33240K, committed 33408K, reserved 1077248K
  class space    used 4484K, capacity 4725K, committed 4736K, reserved 1048576K
}
Event: 9.015 GC heap before
{Heap before GC invocations=8 (full 1):
 PSYoungGen      total 238080K, used 58719K [0x00000000d5580000, 0x00000000e6780000, 0x0000000100000000)
  eden space 224768K, 20% used [0x00000000d5580000,0x00000000d81de2b8,0x00000000e3100000)
  from space 13312K, 99% used [0x00000000e5a80000,0x00000000e6779d38,0x00000000e6780000)
  to   space 16384K, 0% used [0x00000000e4780000,0x00000000e4780000,0x00000000e5780000)
 ParOldGen       total 53760K, used 8148K [0x0000000080000000, 0x0000000083480000, 0x00000000d5580000)
  object space 53760K, 15% used [0x0000000080000000,0x00000000807f5090,0x0000000083480000)
 Metaspace       used 34547K, capacity 35476K, committed 35496K, reserved 1079296K
  class space    used 4815K, capacity 5103K, committed 5120K, reserved 1048576K
Event: 9.032 GC heap after
Heap after GC invocations=8 (full 1):
 PSYoungGen      total 241152K, used 10317K [0x00000000d5580000, 0x00000000e6780000, 0x0000000100000000)
  eden space 224768K, 0% used [0x00000000d5580000,0x00000000d5580000,0x00000000e3100000)
  from space 16384K, 62% used [0x00000000e4780000,0x00000000e51934c0,0x00000000e5780000)
  to   space 13312K, 0% used [0x00000000e5a80000,0x00000000e5a80000,0x00000000e6780000)
 ParOldGen       total 53760K, used 8156K [0x0000000080000000, 0x0000000083480000, 0x00000000d5580000)
  object space 53760K, 15% used [0x0000000080000000,0x00000000807f7090,0x0000000083480000)
 Metaspace       used 34547K, capacity 35476K, committed 35496K, reserved 1079296K
  class space    used 4815K, capacity 5103K, committed 5120K, reserved 1048576K
}
Event: 9.032 GC heap before
{Heap before GC invocations=9 (full 2):
 PSYoungGen      total 241152K, used 10317K [0x00000000d5580000, 0x00000000e6780000, 0x0000000100000000)
  eden space 224768K, 0% used [0x00000000d5580000,0x00000000d5580000,0x00000000e3100000)
  from space 16384K, 62% used [0x00000000e4780000,0x00000000e51934c0,0x00000000e5780000)
  to   space 13312K, 0% used [0x00000000e5a80000,0x00000000e5a80000,0x00000000e6780000)
 ParOldGen       total 53760K, used 8156K [0x0000000080000000, 0x0000000083480000, 0x00000000d5580000)
  object space 53760K, 15% used [0x0000000080000000,0x00000000807f7090,0x0000000083480000)
 Metaspace       used 34547K, capacity 35476K, committed 35496K, reserved 1079296K
  class space    used 4815K, capacity 5103K, committed 5120K, reserved 1048576K
Event: 9.147 GC heap after
Heap after GC invocations=9 (full 2):
 PSYoungGen      total 241152K, used 0K [0x00000000d5580000, 0x00000000e6780000, 0x0000000100000000)
  eden space 224768K, 0% used [0x00000000d5580000,0x00000000d5580000,0x00000000e3100000)
  from space 16384K, 0% used [0x00000000e4780000,0x00000000e4780000,0x00000000e5780000)
  to   space 13312K, 0% used [0x00000000e5a80000,0x00000000e5a80000,0x00000000e6780000)
 ParOldGen       total 78336K, used 17523K [0x0000000080000000, 0x0000000084c80000, 0x00000000d5580000)
  object space 78336K, 22% used [0x0000000080000000,0x000000008111cc38,0x0000000084c80000)
 Metaspace       used 34547K, capacity 35476K, committed 35496K, reserved 1079296K
  class space    used 4815K, capacity 5103K, committed 5120K, reserved 1048576K
}
Event: 17.878 GC heap before
{Heap before GC invocations=10 (full 2):
 PSYoungGen      total 241152K, used 224768K [0x00000000d5580000, 0x00000000e6780000, 0x0000000100000000)
  eden space 224768K, 100% used [0x00000000d5580000,0x00000000e3100000,0x00000000e3100000)
  from space 16384K, 0% used [0x00000000e4780000,0x00000000e4780000,0x00000000e5780000)
  to   space 13312K, 0% used [0x00000000e5a80000,0x00000000e5a80000,0x00000000e6780000)
 ParOldGen       total 78336K, used 17523K [0x0000000080000000, 0x0000000084c80000, 0x00000000d5580000)
  object space 78336K, 22% used [0x0000000080000000,0x000000008111cc38,0x0000000084c80000)
 Metaspace       used 50803K, capacity 52536K, committed 52736K, reserved 1095680K
  class space    used 6919K, capacity 7365K, committed 7424K, reserved 1048576K
Event: 17.923 GC heap after
Heap after GC invocations=10 (full 2):
 PSYoungGen      total 238080K, used 13296K [0x00000000d5580000, 0x00000000e6780000, 0x0000000100000000)
  eden space 224768K, 0% used [0x00000000d5580000,0x00000000d5580000,0x00000000e3100000)
  from space 13312K, 99% used [0x00000000e5a80000,0x00000000e677c3b0,0x00000000e6780000)
  to   space 16384K, 0% used [0x00000000e4780000,0x00000000e4780000,0x00000000e5780000)
 ParOldGen       total 78336K, used 30405K [0x0000000080000000, 0x0000000084c80000, 0x00000000d5580000)
  object space 78336K, 38% used [0x0000000080000000,0x0000000081db14a8,0x0000000084c80000)
 Metaspace       used 50803K, capacity 52536K, committed 52736K, reserved 1095680K
  class space    used 6919K, capacity 7365K, committed 7424K, reserved 1048576K
}

