# JRE version: Java(TM) SE Runtime Environment (8.0_231-b11) (build 1.8.0_231-b11)
# Java VM: Java HotSpot(TM) 64-Bit Server VM (25.231-b11 mixed mode windows-amd64 compressed oops)
Heap:
 PSYoungGen      total 267776K, used 31869K [0x00000000d5580000, 0x00000000ea600000, 0x0000000100000000)
  eden space 232960K, 3% used [0x00000000d5580000,0x00000000d5cd3a70,0x00000000e3900000)
  from space 34816K, 69% used [0x00000000e8400000,0x00000000e9bcbd48,0x00000000ea600000)
  to   space 32256K, 0% used [0x00000000e3900000,0x00000000e3900000,0x00000000e5880000)
 ParOldGen       total 134144K, used 69444K [0x0000000080000000, 0x0000000088300000, 0x00000000d5580000)
  object space 134144K, 51% used [0x0000000080000000,0x00000000843d1398,0x0000000088300000)
 Metaspace       used 82738K, capacity 86252K, committed 86528K, reserved 1124352K
  class space    used 10967K, capacity 11754K, committed 11776K, reserved 1048576K
GC Heap History (10 events):
Event: 95.455 GC heap before
{Heap before GC invocations=16 (full 3):
 PSYoungGen      total 186880K, used 168448K [0x00000000d5580000, 0x00000000e4600000, 0x0000000100000000)
  eden space 168448K, 100% used [0x00000000d5580000,0x00000000dfa00000,0x00000000dfa00000)
  from space 18432K, 0% used [0x00000000e1000000,0x00000000e1000000,0x00000000e2200000)
  to   space 22528K, 0% used [0x00000000dfa00000,0x00000000dfa00000,0x00000000e1000000)
 ParOldGen       total 134144K, used 46017K [0x0000000080000000, 0x0000000088300000, 0x00000000d5580000)
  object space 134144K, 34% used [0x0000000080000000,0x0000000082cf0668,0x0000000088300000)
 Metaspace       used 67750K, capacity 70354K, committed 70656K, reserved 1110016K
  class space    used 9041K, capacity 9633K, committed 9728K, reserved 1048576K
Event: 95.475 GC heap after
Heap after GC invocations=16 (full 3):
 PSYoungGen      total 190976K, used 15998K [0x00000000d5580000, 0x00000000e4a00000, 0x0000000100000000)
  eden space 168448K, 0% used [0x00000000d5580000,0x00000000d5580000,0x00000000dfa00000)
  from space 22528K, 71% used [0x00000000dfa00000,0x00000000e099fb78,0x00000000e1000000)
  to   space 23040K, 0% used [0x00000000e3380000,0x00000000e3380000,0x00000000e4a00000)
 ParOldGen       total 134144K, used 46025K [0x0000000080000000, 0x0000000088300000, 0x00000000d5580000)
  object space 134144K, 34% used [0x0000000080000000,0x0000000082cf2668,0x0000000088300000)
 Metaspace       used 67750K, capacity 70354K, committed 70656K, reserved 1110016K
  class space    used 9041K, capacity 9633K, committed 9728K, reserved 1048576K
}
Event: 107.247 GC heap before
{Heap before GC invocations=17 (full 3):
 PSYoungGen      total 190976K, used 184446K [0x00000000d5580000, 0x00000000e4a00000, 0x0000000100000000)
  eden space 168448K, 100% used [0x00000000d5580000,0x00000000dfa00000,0x00000000dfa00000)
  from space 22528K, 71% used [0x00000000dfa00000,0x00000000e099fb78,0x00000000e1000000)
  to   space 23040K, 0% used [0x00000000e3380000,0x00000000e3380000,0x00000000e4a00000)
 ParOldGen       total 134144K, used 46025K [0x0000000080000000, 0x0000000088300000, 0x00000000d5580000)
  object space 134144K, 34% used [0x0000000080000000,0x0000000082cf2668,0x0000000088300000)
 Metaspace       used 75161K, capacity 78108K, committed 78208K, reserved 1116160K
  class space    used 10142K, capacity 10878K, committed 10880K, reserved 1048576K
Event: 107.280 GC heap after
Heap after GC invocations=17 (full 3):
 PSYoungGen      total 223232K, used 21562K [0x00000000d5580000, 0x00000000e4c00000, 0x0000000100000000)
  eden space 200192K, 0% used [0x00000000d5580000,0x00000000d5580000,0x00000000e1900000)
  from space 23040K, 93% used [0x00000000e3380000,0x00000000e488e828,0x00000000e4a00000)
  to   space 26112K, 0% used [0x00000000e1900000,0x00000000e1900000,0x00000000e3280000)
 ParOldGen       total 134144K, used 46033K [0x0000000080000000, 0x0000000088300000, 0x00000000d5580000)
  object space 134144K, 34% used [0x0000000080000000,0x0000000082cf4668,0x0000000088300000)
 Metaspace       used 75161K, capacity 78108K, committed 78208K, reserved 1116160K
  class space    used 10142K, capacity 10878K, committed 10880K, reserved 1048576K
}
Event: 206.530 GC heap before
{Heap before GC invocations=18 (full 3):
 PSYoungGen      total 223232K, used 221754K [0x00000000d5580000, 0x00000000e4c00000, 0x0000000100000000)
  eden space 200192K, 100% used [0x00000000d5580000,0x00000000e1900000,0x00000000e1900000)
  from space 23040K, 93% used [0x00000000e3380000,0x00000000e488e828,0x00000000e4a00000)
  to   space 26112K, 0% used [0x00000000e1900000,0x00000000e1900000,0x00000000e3280000)
 ParOldGen       total 134144K, used 46033K [0x0000000080000000, 0x0000000088300000, 0x00000000d5580000)
  object space 134144K, 34% used [0x0000000080000000,0x0000000082cf4668,0x0000000088300000)
 Metaspace       used 82059K, capacity 85586K, committed 85760K, reserved 1124352K
  class space    used 10931K, capacity 11717K, committed 11776K, reserved 1048576K
Event: 206.591 GC heap after
Heap after GC invocations=18 (full 3):
 PSYoungGen      total 226304K, used 26100K [0x00000000d5580000, 0x00000000e7980000, 0x0000000100000000)
  eden space 200192K, 0% used [0x00000000d5580000,0x00000000d5580000,0x00000000e1900000)
  from space 26112K, 99% used [0x00000000e1900000,0x00000000e327d108,0x00000000e3280000)
  to   space 33792K, 0% used [0x00000000e5880000,0x00000000e5880000,0x00000000e7980000)
 ParOldGen       total 134144K, used 57037K [0x0000000080000000, 0x0000000088300000, 0x00000000d5580000)
  object space 134144K, 42% used [0x0000000080000000,0x00000000837b3548,0x0000000088300000)
 Metaspace       used 82059K, capacity 85586K, committed 85760K, reserved 1124352K
  class space    used 10931K, capacity 11717K, committed 11776K, reserved 1048576K
}
Event: 208.278 GC heap before
{Heap before GC invocations=19 (full 3):
 PSYoungGen      total 226304K, used 226292K [0x00000000d5580000, 0x00000000e7980000, 0x0000000100000000)
  eden space 200192K, 100% used [0x00000000d5580000,0x00000000e1900000,0x00000000e1900000)
  from space 26112K, 99% used [0x00000000e1900000,0x00000000e327d108,0x00000000e3280000)
  to   space 33792K, 0% used [0x00000000e5880000,0x00000000e5880000,0x00000000e7980000)
 ParOldGen       total 134144K, used 57037K [0x0000000080000000, 0x0000000088300000, 0x00000000d5580000)
  object space 134144K, 42% used [0x0000000080000000,0x00000000837b3548,0x0000000088300000)
 Metaspace       used 82407K, capacity 85918K, committed 86016K, reserved 1124352K
  class space    used 10945K, capacity 11719K, committed 11776K, reserved 1048576K
Event: 208.341 GC heap after
Heap after GC invocations=19 (full 3):
 PSYoungGen      total 266752K, used 15242K [0x00000000d5580000, 0x00000000e8c00000, 0x0000000100000000)
  eden space 232960K, 0% used [0x00000000d5580000,0x00000000d5580000,0x00000000e3900000)
  from space 33792K, 45% used [0x00000000e5880000,0x00000000e67629d8,0x00000000e7980000)
  to   space 32256K, 0% used [0x00000000e3900000,0x00000000e3900000,0x00000000e5880000)
 ParOldGen       total 134144K, used 69428K [0x0000000080000000, 0x0000000088300000, 0x00000000d5580000)
  object space 134144K, 51% used [0x0000000080000000,0x00000000843cd398,0x0000000088300000)
 Metaspace       used 82407K, capacity 85918K, committed 86016K, reserved 1124352K
  class space    used 10945K, capacity 11719K, committed 11776K, reserved 1048576K
}
Event: 211.229 GC heap before
{Heap before GC invocations=20 (full 3):
 PSYoungGen      total 266752K, used 248202K [0x00000000d5580000, 0x00000000e8c00000, 0x0000000100000000)
  eden space 232960K, 100% used [0x00000000d5580000,0x00000000e3900000,0x00000000e3900000)
  from space 33792K, 45% used [0x00000000e5880000,0x00000000e67629d8,0x00000000e7980000)
  to   space 32256K, 0% used [0x00000000e3900000,0x00000000e3900000,0x00000000e5880000)
 ParOldGen       total 134144K, used 69428K [0x0000000080000000, 0x0000000088300000, 0x00000000d5580000)
  object space 134144K, 51% used [0x0000000080000000,0x00000000843cd398,0x0000000088300000)
 Metaspace       used 82685K, capacity 86248K, committed 86528K, reserved 1124352K
  class space    used 10962K, capacity 11754K, committed 11776K, reserved 1048576K
Event: 211.271 GC heap after
Heap after GC invocations=20 (full 3):
 PSYoungGen      total 265216K, used 26710K [0x00000000d5580000, 0x00000000ea600000, 0x0000000100000000)
  eden space 232960K, 0% used [0x00000000d5580000,0x00000000d5580000,0x00000000e3900000)
  from space 32256K, 82% used [0x00000000e3900000,0x00000000e5315930,0x00000000e5880000)
  to   space 34816K, 0% used [0x00000000e8400000,0x00000000e8400000,0x00000000ea600000)
 ParOldGen       total 134144K, used 69436K [0x0000000080000000, 0x0000000088300000, 0x00000000d5580000)
  object space 134144K, 51% used [0x0000000080000000,0x00000000843cf398,0x0000000088300000)
 Metaspace       used 82685K, capacity 86248K, committed 86528K, reserved 1124352K
  class space    used 10962K, capacity 11754K, committed 11776K, reserved 1048576K
}

