# JRE version: Java(TM) SE Runtime Environment (8.0_231-b11) (build 1.8.0_231-b11)
# Java VM: Java HotSpot(TM) 64-Bit Server VM (25.231-b11 mixed mode windows-amd64 compressed oops)
Heap:
 PSYoungGen      total 167936K, used 103825K [0x00000000d5580000, 0x00000000e1900000, 0x0000000100000000)
  eden space 147968K, 61% used [0x00000000d5580000,0x00000000daeae988,0x00000000de600000)
  from space 19968K, 62% used [0x00000000de600000,0x00000000df235d58,0x00000000df980000)
  to   space 17920K, 0% used [0x00000000df980000,0x00000000df980000,0x00000000e0b00000)
 ParOldGen       total 145408K, used 39161K [0x0000000080000000, 0x0000000088e00000, 0x00000000d5580000)
  object space 145408K, 26% used [0x0000000080000000,0x000000008263e6d0,0x0000000088e00000)
 Metaspace       used 67505K, capacity 70232K, committed 70400K, reserved 1110016K
  class space    used 9503K, capacity 10171K, committed 10240K, reserved 1048576K
GC Heap History (10 events):
Event: 9.236 GC heap before
{Heap before GC invocations=12 (full 2):
 PSYoungGen      total 108544K, used 96768K [0x00000000d5580000, 0x00000000dee80000, 0x0000000100000000)
  eden space 96768K, 100% used [0x00000000d5580000,0x00000000db400000,0x00000000db400000)
  from space 11776K, 0% used [0x00000000db400000,0x00000000db400000,0x00000000dbf80000)
  to   space 12288K, 0% used [0x00000000de280000,0x00000000de280000,0x00000000dee80000)
 ParOldGen       total 91136K, used 17436K [0x0000000080000000, 0x0000000085900000, 0x00000000d5580000)
  object space 91136K, 19% used [0x0000000080000000,0x0000000081107058,0x0000000085900000)
 Metaspace       used 37912K, capacity 39440K, committed 39552K, reserved 1083392K
  class space    used 5351K, capacity 5713K, committed 5760K, reserved 1048576K
Event: 9.252 GC heap after
Heap after GC invocations=12 (full 2):
 PSYoungGen      total 131072K, used 9919K [0x00000000d5580000, 0x00000000dec80000, 0x0000000100000000)
  eden space 120832K, 0% used [0x00000000d5580000,0x00000000d5580000,0x00000000dcb80000)
  from space 10240K, 96% used [0x00000000de280000,0x00000000dec2fc50,0x00000000dec80000)
  to   space 12800K, 0% used [0x00000000dd380000,0x00000000dd380000,0x00000000de000000)
 ParOldGen       total 91136K, used 17444K [0x0000000080000000, 0x0000000085900000, 0x00000000d5580000)
  object space 91136K, 19% used [0x0000000080000000,0x0000000081109058,0x0000000085900000)
 Metaspace       used 37912K, capacity 39440K, committed 39552K, reserved 1083392K
  class space    used 5351K, capacity 5713K, committed 5760K, reserved 1048576K
}
Event: 11.587 GC heap before
{Heap before GC invocations=13 (full 2):
 PSYoungGen      total 131072K, used 130751K [0x00000000d5580000, 0x00000000dec80000, 0x0000000100000000)
  eden space 120832K, 100% used [0x00000000d5580000,0x00000000dcb80000,0x00000000dcb80000)
  from space 10240K, 96% used [0x00000000de280000,0x00000000dec2fc50,0x00000000dec80000)
  to   space 12800K, 0% used [0x00000000dd380000,0x00000000dd380000,0x00000000de000000)
 ParOldGen       total 91136K, used 17444K [0x0000000080000000, 0x0000000085900000, 0x00000000d5580000)
  object space 91136K, 19% used [0x0000000080000000,0x0000000081109058,0x0000000085900000)
 Metaspace       used 50745K, capacity 52610K, committed 52992K, reserved 1095680K
  class space    used 6943K, capacity 7386K, committed 7424K, reserved 1048576K
Event: 11.621 GC heap after
Heap after GC invocations=13 (full 2):
 PSYoungGen      total 141824K, used 12796K [0x00000000d5580000, 0x00000000e0b00000, 0x0000000100000000)
  eden space 129024K, 0% used [0x00000000d5580000,0x00000000d5580000,0x00000000dd380000)
  from space 12800K, 99% used [0x00000000dd380000,0x00000000ddfff320,0x00000000de000000)
  to   space 17920K, 0% used [0x00000000df980000,0x00000000df980000,0x00000000e0b00000)
 ParOldGen       total 91136K, used 26540K [0x0000000080000000, 0x0000000085900000, 0x00000000d5580000)
  object space 91136K, 29% used [0x0000000080000000,0x00000000819eb100,0x0000000085900000)
 Metaspace       used 50745K, capacity 52610K, committed 52992K, reserved 1095680K
  class space    used 6943K, capacity 7386K, committed 7424K, reserved 1048576K
}
Event: 13.887 GC heap before
{Heap before GC invocations=14 (full 2):
 PSYoungGen      total 141824K, used 106677K [0x00000000d5580000, 0x00000000e0b00000, 0x0000000100000000)
  eden space 129024K, 72% used [0x00000000d5580000,0x00000000db12e4d0,0x00000000dd380000)
  from space 12800K, 99% used [0x00000000dd380000,0x00000000ddfff320,0x00000000de000000)
  to   space 17920K, 0% used [0x00000000df980000,0x00000000df980000,0x00000000e0b00000)
 ParOldGen       total 91136K, used 26540K [0x0000000080000000, 0x0000000085900000, 0x00000000d5580000)
  object space 91136K, 29% used [0x0000000080000000,0x00000000819eb100,0x0000000085900000)
 Metaspace       used 56928K, capacity 59042K, committed 59136K, reserved 1099776K
  class space    used 7881K, capacity 8394K, committed 8448K, reserved 1048576K
Event: 13.923 GC heap after
Heap after GC invocations=14 (full 2):
 PSYoungGen      total 165888K, used 17239K [0x00000000d5580000, 0x00000000e1900000, 0x0000000100000000)
  eden space 147968K, 0% used [0x00000000d5580000,0x00000000d5580000,0x00000000de600000)
  from space 17920K, 96% used [0x00000000df980000,0x00000000e0a55d60,0x00000000e0b00000)
  to   space 19968K, 0% used [0x00000000de600000,0x00000000de600000,0x00000000df980000)
 ParOldGen       total 91136K, used 33322K [0x0000000080000000, 0x0000000085900000, 0x00000000d5580000)
  object space 91136K, 36% used [0x0000000080000000,0x000000008208a840,0x0000000085900000)
 Metaspace       used 56928K, capacity 59042K, committed 59136K, reserved 1099776K
  class space    used 7881K, capacity 8394K, committed 8448K, reserved 1048576K
}
Event: 13.923 GC heap before
{Heap before GC invocations=15 (full 3):
 PSYoungGen      total 165888K, used 17239K [0x00000000d5580000, 0x00000000e1900000, 0x0000000100000000)
  eden space 147968K, 0% used [0x00000000d5580000,0x00000000d5580000,0x00000000de600000)
  from space 17920K, 96% used [0x00000000df980000,0x00000000e0a55d60,0x00000000e0b00000)
  to   space 19968K, 0% used [0x00000000de600000,0x00000000de600000,0x00000000df980000)
 ParOldGen       total 91136K, used 33322K [0x0000000080000000, 0x0000000085900000, 0x00000000d5580000)
  object space 91136K, 36% used [0x0000000080000000,0x000000008208a840,0x0000000085900000)
 Metaspace       used 56928K, capacity 59042K, committed 59136K, reserved 1099776K
  class space    used 7881K, capacity 8394K, committed 8448K, reserved 1048576K
Event: 14.244 GC heap after
Heap after GC invocations=15 (full 3):
 PSYoungGen      total 165888K, used 0K [0x00000000d5580000, 0x00000000e1900000, 0x0000000100000000)
  eden space 147968K, 0% used [0x00000000d5580000,0x00000000d5580000,0x00000000de600000)
  from space 17920K, 0% used [0x00000000df980000,0x00000000df980000,0x00000000e0b00000)
  to   space 19968K, 0% used [0x00000000de600000,0x00000000de600000,0x00000000df980000)
 ParOldGen       total 145408K, used 39153K [0x0000000080000000, 0x0000000088e00000, 0x00000000d5580000)
  object space 145408K, 26% used [0x0000000080000000,0x000000008263c6d0,0x0000000088e00000)
 Metaspace       used 56925K, capacity 59030K, committed 59136K, reserved 1099776K
  class space    used 7880K, capacity 8392K, committed 8448K, reserved 1048576K
}
Event: 17.104 GC heap before
{Heap before GC invocations=16 (full 3):
 PSYoungGen      total 165888K, used 147968K [0x00000000d5580000, 0x00000000e1900000, 0x0000000100000000)
  eden space 147968K, 100% used [0x00000000d5580000,0x00000000de600000,0x00000000de600000)
  from space 17920K, 0% used [0x00000000df980000,0x00000000df980000,0x00000000e0b00000)
  to   space 19968K, 0% used [0x00000000de600000,0x00000000de600000,0x00000000df980000)
 ParOldGen       total 145408K, used 39153K [0x0000000080000000, 0x0000000088e00000, 0x00000000d5580000)
  object space 145408K, 26% used [0x0000000080000000,0x000000008263c6d0,0x0000000088e00000)
 Metaspace       used 63282K, capacity 65810K, committed 66048K, reserved 1105920K
  class space    used 8847K, capacity 9463K, committed 9472K, reserved 1048576K
Event: 17.129 GC heap after
Heap after GC invocations=16 (full 3):
 PSYoungGen      total 167936K, used 12503K [0x00000000d5580000, 0x00000000e1900000, 0x0000000100000000)
  eden space 147968K, 0% used [0x00000000d5580000,0x00000000d5580000,0x00000000de600000)
  from space 19968K, 62% used [0x00000000de600000,0x00000000df235d58,0x00000000df980000)
  to   space 17920K, 0% used [0x00000000df980000,0x00000000df980000,0x00000000e0b00000)
 ParOldGen       total 145408K, used 39161K [0x0000000080000000, 0x0000000088e00000, 0x00000000d5580000)
  object space 145408K, 26% used [0x0000000080000000,0x000000008263e6d0,0x0000000088e00000)
 Metaspace       used 63282K, capacity 65810K, committed 66048K, reserved 1105920K
  class space    used 8847K, capacity 9463K, committed 9472K, reserved 1048576K
}

